2016-06-27 10:53:12,834 [org.springframework.context.support.ClassPathXmlApplicationContext]-[INFO] Refreshing org.springframework.context.support.ClassPathXmlApplicationContext@78ce5b1c: startup date [Mon Jun 27 10:53:12 CST 2016]; root of context hierarchy
2016-06-27 10:53:12,887 [org.springframework.beans.factory.xml.XmlBeanDefinitionReader]-[INFO] Loading XML bean definitions from class path resource [applicationContext.xml]
2016-06-27 10:53:13,117 [org.springframework.beans.factory.support.DefaultListableBeanFactory]-[INFO] Pre-instantiating singletons in org.springframework.beans.factory.support.DefaultListableBeanFactory@2937d090: defining beans [sessionFactory,hibernateTemplate,transactionManager,advice,org.springframework.aop.config.internalAutoProxyCreator,pointcut,org.springframework.aop.support.DefaultBeanFactoryPointcutAdvisor#0,baseDao,basicInfoDao,carAgeDao,carBrandDao,carImagesDao,carInfoDao,carTypeDao,commentDao,distanceDao,emisDao,hardwaerDao,modelDao,personCarDao,personNeedDao,priceIntervalDao,procedureDao,sellDao,systemConfigDao,trendsDao,userInfoDao,basicInfoService,carAgeService,carBrandService,carImagesService,carInfoService,carTypeService,commentService,distanceService,emisService,hardwareService,modelService,personCarService,personNeedService,priceIntervalService,procedureService,sellService,systemConfigService,trendsService,userInfoService]; root of factory hierarchy
2016-06-27 10:53:13,159 [org.hibernate.cfg.Environment]-[INFO] Hibernate 3.2.4.sp1
2016-06-27 10:53:13,162 [org.hibernate.cfg.Environment]-[INFO] hibernate.properties not found
2016-06-27 10:53:13,162 [org.hibernate.cfg.Environment]-[INFO] Bytecode provider name : cglib
2016-06-27 10:53:13,164 [org.hibernate.cfg.Environment]-[INFO] using JDK 1.4 java.sql.Timestamp handling
2016-06-27 10:53:13,190 [org.hibernate.cfg.Configuration]-[INFO] configuring from url: file:/D:/Workspaces/MyEclipse%2010/S4SSHib/WebRoot/WEB-INF/classes/hibernate.cfg.xml
2016-06-27 10:53:13,214 [org.hibernate.cfg.Configuration]-[INFO] Reading mappings from resource : cn/com/pojo/Basicinfo.hbm.xml
2016-06-27 10:53:13,263 [org.hibernate.cfg.HbmBinder]-[INFO] Mapping class: cn.com.pojo.Basicinfo -> BASICINFO
2016-06-27 10:53:13,263 [org.hibernate.cfg.Configuration]-[INFO] Reading mappings from resource : cn/com/pojo/Carage.hbm.xml
2016-06-27 10:53:13,281 [org.hibernate.cfg.HbmBinder]-[INFO] Mapping class: cn.com.pojo.Carage -> CARAGE
2016-06-27 10:53:13,282 [org.hibernate.cfg.Configuration]-[INFO] Reading mappings from resource : cn/com/pojo/Carbrand.hbm.xml
2016-06-27 10:53:13,283 [org.hibernate.cfg.HbmBinder]-[INFO] Mapping class: cn.com.pojo.Carbrand -> CARBRAND
2016-06-27 10:53:13,283 [org.hibernate.cfg.Configuration]-[INFO] Reading mappings from resource : cn/com/pojo/Carinfo.hbm.xml
2016-06-27 10:53:13,306 [org.hibernate.cfg.HbmBinder]-[INFO] Mapping class: cn.com.pojo.Carinfo -> CARINFO
2016-06-27 10:53:13,307 [org.hibernate.cfg.Configuration]-[INFO] Reading mappings from resource : cn/com/pojo/Cartype.hbm.xml
2016-06-27 10:53:18,102 [org.hibernate.cfg.HbmBinder]-[INFO] Mapping class: cn.com.pojo.Cartype -> CARTYPE
2016-06-27 10:53:18,103 [org.hibernate.cfg.Configuration]-[INFO] Reading mappings from resource : cn/com/pojo/Comment1.hbm.xml
2016-06-27 10:53:19,742 [org.hibernate.cfg.HbmBinder]-[INFO] Mapping class: cn.com.pojo.Comment1 -> COMMENT1
2016-06-27 10:53:19,743 [org.hibernate.cfg.Configuration]-[INFO] Reading mappings from resource : cn/com/pojo/Distance.hbm.xml
2016-06-27 10:53:21,027 [org.hibernate.cfg.HbmBinder]-[INFO] Mapping class: cn.com.pojo.Distance -> DISTANCE
2016-06-27 10:53:21,028 [org.hibernate.cfg.Configuration]-[INFO] Reading mappings from resource : cn/com/pojo/Emissionstandard.hbm.xml
2016-06-27 10:53:22,337 [org.hibernate.cfg.HbmBinder]-[INFO] Mapping class: cn.com.pojo.Emissionstandard -> EMISSIONSTANDARD
2016-06-27 10:53:22,338 [org.hibernate.cfg.Configuration]-[INFO] Reading mappings from resource : cn/com/pojo/Hardwareconfig.hbm.xml
2016-06-27 10:53:22,353 [org.hibernate.cfg.HbmBinder]-[INFO] Mapping class: cn.com.pojo.Hardwareconfig -> HARDWARECONFIG
2016-06-27 10:53:22,353 [org.hibernate.cfg.Configuration]-[INFO] Reading mappings from resource : cn/com/pojo/Imagesinfo.hbm.xml
2016-06-27 10:53:26,687 [org.hibernate.cfg.HbmBinder]-[INFO] Mapping class: cn.com.pojo.Imagesinfo -> IMAGESINFO
2016-06-27 10:53:26,688 [org.hibernate.cfg.Configuration]-[INFO] Reading mappings from resource : cn/com/pojo/Model.hbm.xml
2016-06-27 10:53:26,701 [org.hibernate.cfg.HbmBinder]-[INFO] Mapping class: cn.com.pojo.Model -> MODEL
2016-06-27 10:53:26,701 [org.hibernate.cfg.Configuration]-[INFO] Reading mappings from resource : cn/com/pojo/Personcar.hbm.xml
2016-06-27 10:53:26,708 [org.hibernate.cfg.HbmBinder]-[INFO] Mapping class: cn.com.pojo.Personcar -> PERSONCAR
2016-06-27 10:53:26,709 [org.hibernate.cfg.Configuration]-[INFO] Reading mappings from resource : cn/com/pojo/Personneed.hbm.xml
2016-06-27 10:53:27,986 [org.hibernate.cfg.HbmBinder]-[INFO] Mapping class: cn.com.pojo.Personneed -> PERSONNEED
2016-06-27 10:53:27,986 [org.hibernate.cfg.Configuration]-[INFO] Reading mappings from resource : cn/com/pojo/Priceinterval.hbm.xml
2016-06-27 10:53:29,296 [org.hibernate.cfg.HbmBinder]-[INFO] Mapping class: cn.com.pojo.Priceinterval -> PRICEINTERVAL
2016-06-27 10:53:29,297 [org.hibernate.cfg.Configuration]-[INFO] Reading mappings from resource : cn/com/pojo/Procedureinfo.hbm.xml
2016-06-27 10:53:29,304 [org.hibernate.cfg.HbmBinder]-[INFO] Mapping class: cn.com.pojo.Procedureinfo -> PROCEDUREINFO
2016-06-27 10:53:29,304 [org.hibernate.cfg.Configuration]-[INFO] Reading mappings from resource : cn/com/pojo/Sellinfo.hbm.xml
2016-06-27 10:53:29,320 [org.hibernate.cfg.HbmBinder]-[INFO] Mapping class: cn.com.pojo.Sellinfo -> SELLINFO
2016-06-27 10:53:29,320 [org.hibernate.cfg.Configuration]-[INFO] Reading mappings from resource : cn/com/pojo/Systemconfig.hbm.xml
2016-06-27 10:53:30,642 [org.hibernate.cfg.HbmBinder]-[INFO] Mapping class: cn.com.pojo.Systemconfig -> SYSTEMCONFIG
2016-06-27 10:53:30,643 [org.hibernate.cfg.Configuration]-[INFO] Reading mappings from resource : cn/com/pojo/Trends.hbm.xml
2016-06-27 10:53:30,650 [org.hibernate.cfg.HbmBinder]-[INFO] Mapping class: cn.com.pojo.Trends -> TRENDS
2016-06-27 10:53:30,650 [org.hibernate.cfg.Configuration]-[INFO] Reading mappings from resource : cn/com/pojo/Userinfo3.hbm.xml
2016-06-27 10:53:30,657 [org.hibernate.cfg.HbmBinder]-[INFO] Mapping class: cn.com.pojo.Userinfo3 -> USERINFO3
2016-06-27 10:53:30,657 [org.hibernate.cfg.Configuration]-[INFO] Configured SessionFactory: null
2016-06-27 10:53:30,658 [org.springframework.orm.hibernate3.LocalSessionFactoryBean]-[INFO] Building new Hibernate SessionFactory
2016-06-27 10:53:30,689 [org.hibernate.connection.DriverManagerConnectionProvider]-[INFO] Using Hibernate built-in connection pool (not for production use!)
2016-06-27 10:53:30,689 [org.hibernate.connection.DriverManagerConnectionProvider]-[INFO] Hibernate connection pool size: 20
2016-06-27 10:53:30,689 [org.hibernate.connection.DriverManagerConnectionProvider]-[INFO] autocommit mode: false
2016-06-27 10:53:30,695 [org.hibernate.connection.DriverManagerConnectionProvider]-[INFO] using driver: oracle.jdbc.driver.OracleDriver at URL: jdbc:oracle:thin:@127.0.0.1:1521:orcl
2016-06-27 10:53:30,695 [org.hibernate.connection.DriverManagerConnectionProvider]-[INFO] connection properties: {user=lejia, password=****}
2016-06-27 10:53:30,783 [org.hibernate.cfg.SettingsFactory]-[INFO] RDBMS: Oracle, version: Oracle Database 11g Release 11.1.0.0.0 - Production
2016-06-27 10:53:30,783 [org.hibernate.cfg.SettingsFactory]-[INFO] JDBC driver: Oracle JDBC driver, version: 10.2.0.1.0
2016-06-27 10:53:30,812 [org.hibernate.dialect.Dialect]-[INFO] Using dialect: org.hibernate.dialect.OracleDialect
2016-06-27 10:53:30,815 [org.hibernate.transaction.TransactionFactoryFactory]-[INFO] Transaction strategy: org.springframework.orm.hibernate3.SpringTransactionFactory
2016-06-27 10:53:30,815 [org.hibernate.transaction.TransactionManagerLookupFactory]-[INFO] No TransactionManagerLookup configured (in JTA environment, use of read-write or transactional second-level cache is not recommended)
2016-06-27 10:53:30,816 [org.hibernate.cfg.SettingsFactory]-[INFO] Automatic flush during beforeCompletion(): disabled
2016-06-27 10:53:30,816 [org.hibernate.cfg.SettingsFactory]-[INFO] Automatic session close at end of transaction: disabled
2016-06-27 10:53:30,816 [org.hibernate.cfg.SettingsFactory]-[INFO] JDBC batch size: 15
2016-06-27 10:53:30,816 [org.hibernate.cfg.SettingsFactory]-[INFO] JDBC batch updates for versioned data: disabled
2016-06-27 10:53:30,816 [org.hibernate.cfg.SettingsFactory]-[INFO] Scrollable result sets: enabled
2016-06-27 10:53:30,816 [org.hibernate.cfg.SettingsFactory]-[INFO] JDBC3 getGeneratedKeys(): disabled
2016-06-27 10:53:30,816 [org.hibernate.cfg.SettingsFactory]-[INFO] Connection release mode: auto
2016-06-27 10:53:30,817 [org.hibernate.cfg.SettingsFactory]-[INFO] Default batch fetch size: 1
2016-06-27 10:53:30,817 [org.hibernate.cfg.SettingsFactory]-[INFO] Generate SQL with comments: disabled
2016-06-27 10:53:30,817 [org.hibernate.cfg.SettingsFactory]-[INFO] Order SQL updates by primary key: disabled
2016-06-27 10:53:30,817 [org.hibernate.cfg.SettingsFactory]-[INFO] Order SQL inserts for batching: disabled
2016-06-27 10:53:30,817 [org.hibernate.cfg.SettingsFactory]-[INFO] Query translator: org.hibernate.hql.ast.ASTQueryTranslatorFactory
2016-06-27 10:53:30,818 [org.hibernate.hql.ast.ASTQueryTranslatorFactory]-[INFO] Using ASTQueryTranslatorFactory
2016-06-27 10:53:30,818 [org.hibernate.cfg.SettingsFactory]-[INFO] Query language substitutions: {}
2016-06-27 10:53:30,818 [org.hibernate.cfg.SettingsFactory]-[INFO] JPA-QL strict compliance: disabled
2016-06-27 10:53:30,818 [org.hibernate.cfg.SettingsFactory]-[INFO] Second-level cache: enabled
2016-06-27 10:53:30,818 [org.hibernate.cfg.SettingsFactory]-[INFO] Query cache: disabled
2016-06-27 10:53:30,818 [org.hibernate.cfg.SettingsFactory]-[INFO] Cache provider: org.hibernate.cache.NoCacheProvider
2016-06-27 10:53:30,818 [org.hibernate.cfg.SettingsFactory]-[INFO] Optimize cache for minimal puts: disabled
2016-06-27 10:53:30,818 [org.hibernate.cfg.SettingsFactory]-[INFO] Structured second-level cache entries: disabled
2016-06-27 10:53:30,820 [org.hibernate.cfg.SettingsFactory]-[INFO] Echoing all SQL to stdout
2016-06-27 10:53:30,821 [org.hibernate.cfg.SettingsFactory]-[INFO] Statistics: disabled
2016-06-27 10:53:30,821 [org.hibernate.cfg.SettingsFactory]-[INFO] Deleted entity synthetic identifier rollback: disabled
2016-06-27 10:53:30,821 [org.hibernate.cfg.SettingsFactory]-[INFO] Default entity-mode: pojo
2016-06-27 10:53:30,821 [org.hibernate.cfg.SettingsFactory]-[INFO] Named query checking : enabled
2016-06-27 10:53:30,835 [org.hibernate.impl.SessionFactoryImpl]-[INFO] building session factory
2016-06-27 10:53:31,066 [org.hibernate.impl.SessionFactoryObjectFactory]-[INFO] Not binding factory to JNDI, no JNDI name configured
2016-06-27 10:53:31,343 [org.hibernate.cfg.Configuration]-[INFO] configuring from resource: /hibernate.cfg.xml
2016-06-27 10:53:31,343 [org.hibernate.cfg.Configuration]-[INFO] Configuration resource: /hibernate.cfg.xml
2016-06-27 10:53:31,360 [org.hibernate.cfg.Configuration]-[INFO] Reading mappings from resource : cn/com/pojo/Basicinfo.hbm.xml
2016-06-27 10:53:31,366 [org.hibernate.cfg.HbmBinder]-[INFO] Mapping class: cn.com.pojo.Basicinfo -> BASICINFO
2016-06-27 10:53:31,366 [org.hibernate.cfg.Configuration]-[INFO] Reading mappings from resource : cn/com/pojo/Carage.hbm.xml
2016-06-27 10:53:31,371 [org.hibernate.cfg.HbmBinder]-[INFO] Mapping class: cn.com.pojo.Carage -> CARAGE
2016-06-27 10:53:31,371 [org.hibernate.cfg.Configuration]-[INFO] Reading mappings from resource : cn/com/pojo/Carbrand.hbm.xml
2016-06-27 10:53:31,377 [org.hibernate.cfg.HbmBinder]-[INFO] Mapping class: cn.com.pojo.Carbrand -> CARBRAND
2016-06-27 10:53:31,377 [org.hibernate.cfg.Configuration]-[INFO] Reading mappings from resource : cn/com/pojo/Carinfo.hbm.xml
2016-06-27 10:53:31,385 [org.hibernate.cfg.HbmBinder]-[INFO] Mapping class: cn.com.pojo.Carinfo -> CARINFO
2016-06-27 10:53:31,386 [org.hibernate.cfg.Configuration]-[INFO] Reading mappings from resource : cn/com/pojo/Cartype.hbm.xml
2016-06-27 10:53:32,663 [org.hibernate.cfg.HbmBinder]-[INFO] Mapping class: cn.com.pojo.Cartype -> CARTYPE
2016-06-27 10:53:32,678 [org.hibernate.cfg.Configuration]-[INFO] Reading mappings from resource : cn/com/pojo/Comment1.hbm.xml
2016-06-27 10:53:33,983 [org.hibernate.cfg.HbmBinder]-[INFO] Mapping class: cn.com.pojo.Comment1 -> COMMENT1
2016-06-27 10:53:33,988 [org.hibernate.cfg.Configuration]-[INFO] Reading mappings from resource : cn/com/pojo/Distance.hbm.xml
2016-06-27 10:53:35,683 [org.hibernate.cfg.HbmBinder]-[INFO] Mapping class: cn.com.pojo.Distance -> DISTANCE
2016-06-27 10:53:35,688 [org.hibernate.cfg.Configuration]-[INFO] Reading mappings from resource : cn/com/pojo/Emissionstandard.hbm.xml
2016-06-27 10:53:36,993 [org.hibernate.cfg.HbmBinder]-[INFO] Mapping class: cn.com.pojo.Emissionstandard -> EMISSIONSTANDARD
2016-06-27 10:53:36,996 [org.hibernate.cfg.Configuration]-[INFO] Reading mappings from resource : cn/com/pojo/Hardwareconfig.hbm.xml
2016-06-27 10:53:37,003 [org.hibernate.cfg.HbmBinder]-[INFO] Mapping class: cn.com.pojo.Hardwareconfig -> HARDWARECONFIG
2016-06-27 10:53:37,004 [org.hibernate.cfg.Configuration]-[INFO] Reading mappings from resource : cn/com/pojo/Imagesinfo.hbm.xml
2016-06-27 10:53:38,278 [org.hibernate.cfg.HbmBinder]-[INFO] Mapping class: cn.com.pojo.Imagesinfo -> IMAGESINFO
2016-06-27 10:53:38,279 [org.hibernate.cfg.Configuration]-[INFO] Reading mappings from resource : cn/com/pojo/Model.hbm.xml
2016-06-27 10:53:38,285 [org.hibernate.cfg.HbmBinder]-[INFO] Mapping class: cn.com.pojo.Model -> MODEL
2016-06-27 10:53:38,285 [org.hibernate.cfg.Configuration]-[INFO] Reading mappings from resource : cn/com/pojo/Personcar.hbm.xml
2016-06-27 10:53:38,291 [org.hibernate.cfg.HbmBinder]-[INFO] Mapping class: cn.com.pojo.Personcar -> PERSONCAR
2016-06-27 10:53:38,291 [org.hibernate.cfg.Configuration]-[INFO] Reading mappings from resource : cn/com/pojo/Personneed.hbm.xml
2016-06-27 10:53:40,031 [org.hibernate.cfg.HbmBinder]-[INFO] Mapping class: cn.com.pojo.Personneed -> PERSONNEED
2016-06-27 10:53:40,032 [org.hibernate.cfg.Configuration]-[INFO] Reading mappings from resource : cn/com/pojo/Priceinterval.hbm.xml
2016-06-27 10:53:41,311 [org.hibernate.cfg.HbmBinder]-[INFO] Mapping class: cn.com.pojo.Priceinterval -> PRICEINTERVAL
2016-06-27 10:53:41,312 [org.hibernate.cfg.Configuration]-[INFO] Reading mappings from resource : cn/com/pojo/Procedureinfo.hbm.xml
2016-06-27 10:53:41,318 [org.hibernate.cfg.HbmBinder]-[INFO] Mapping class: cn.com.pojo.Procedureinfo -> PROCEDUREINFO
2016-06-27 10:53:41,319 [org.hibernate.cfg.Configuration]-[INFO] Reading mappings from resource : cn/com/pojo/Sellinfo.hbm.xml
2016-06-27 10:53:41,326 [org.hibernate.cfg.HbmBinder]-[INFO] Mapping class: cn.com.pojo.Sellinfo -> SELLINFO
2016-06-27 10:53:41,327 [org.hibernate.cfg.Configuration]-[INFO] Reading mappings from resource : cn/com/pojo/Systemconfig.hbm.xml
2016-06-27 10:53:42,622 [org.hibernate.cfg.HbmBinder]-[INFO] Mapping class: cn.com.pojo.Systemconfig -> SYSTEMCONFIG
2016-06-27 10:53:42,624 [org.hibernate.cfg.Configuration]-[INFO] Reading mappings from resource : cn/com/pojo/Trends.hbm.xml
2016-06-27 10:53:42,630 [org.hibernate.cfg.HbmBinder]-[INFO] Mapping class: cn.com.pojo.Trends -> TRENDS
2016-06-27 10:53:42,630 [org.hibernate.cfg.Configuration]-[INFO] Reading mappings from resource : cn/com/pojo/Userinfo3.hbm.xml
2016-06-27 10:53:42,637 [org.hibernate.cfg.HbmBinder]-[INFO] Mapping class: cn.com.pojo.Userinfo3 -> USERINFO3
2016-06-27 10:53:42,637 [org.hibernate.cfg.Configuration]-[INFO] Configured SessionFactory: null
2016-06-27 10:53:42,638 [org.hibernate.connection.DriverManagerConnectionProvider]-[INFO] Using Hibernate built-in connection pool (not for production use!)
2016-06-27 10:53:42,639 [org.hibernate.connection.DriverManagerConnectionProvider]-[INFO] Hibernate connection pool size: 20
2016-06-27 10:53:42,639 [org.hibernate.connection.DriverManagerConnectionProvider]-[INFO] autocommit mode: false
2016-06-27 10:53:42,639 [org.hibernate.connection.DriverManagerConnectionProvider]-[INFO] using driver: oracle.jdbc.driver.OracleDriver at URL: jdbc:oracle:thin:@127.0.0.1:1521:orcl
2016-06-27 10:53:42,639 [org.hibernate.connection.DriverManagerConnectionProvider]-[INFO] connection properties: {user=lejia, password=****}
2016-06-27 10:53:42,659 [org.hibernate.cfg.SettingsFactory]-[INFO] RDBMS: Oracle, version: Oracle Database 11g Release 11.1.0.0.0 - Production
2016-06-27 10:53:42,659 [org.hibernate.cfg.SettingsFactory]-[INFO] JDBC driver: Oracle JDBC driver, version: 10.2.0.1.0
2016-06-27 10:53:42,659 [org.hibernate.dialect.Dialect]-[INFO] Using dialect: org.hibernate.dialect.OracleDialect
2016-06-27 10:53:42,660 [org.hibernate.transaction.TransactionFactoryFactory]-[INFO] Using default transaction strategy (direct JDBC transactions)
2016-06-27 10:53:42,660 [org.hibernate.transaction.TransactionManagerLookupFactory]-[INFO] No TransactionManagerLookup configured (in JTA environment, use of read-write or transactional second-level cache is not recommended)
2016-06-27 10:53:42,660 [org.hibernate.cfg.SettingsFactory]-[INFO] Automatic flush during beforeCompletion(): disabled
2016-06-27 10:53:42,661 [org.hibernate.cfg.SettingsFactory]-[INFO] Automatic session close at end of transaction: disabled
2016-06-27 10:53:42,661 [org.hibernate.cfg.SettingsFactory]-[INFO] JDBC batch size: 15
2016-06-27 10:53:42,661 [org.hibernate.cfg.SettingsFactory]-[INFO] JDBC batch updates for versioned data: disabled
2016-06-27 10:53:42,661 [org.hibernate.cfg.SettingsFactory]-[INFO] Scrollable result sets: enabled
2016-06-27 10:53:42,661 [org.hibernate.cfg.SettingsFactory]-[INFO] JDBC3 getGeneratedKeys(): disabled
2016-06-27 10:53:42,661 [org.hibernate.cfg.SettingsFactory]-[INFO] Connection release mode: auto
2016-06-27 10:53:42,661 [org.hibernate.cfg.SettingsFactory]-[INFO] Default batch fetch size: 1
2016-06-27 10:53:42,661 [org.hibernate.cfg.SettingsFactory]-[INFO] Generate SQL with comments: disabled
2016-06-27 10:53:42,661 [org.hibernate.cfg.SettingsFactory]-[INFO] Order SQL updates by primary key: disabled
2016-06-27 10:53:42,661 [org.hibernate.cfg.SettingsFactory]-[INFO] Order SQL inserts for batching: disabled
2016-06-27 10:53:42,661 [org.hibernate.cfg.SettingsFactory]-[INFO] Query translator: org.hibernate.hql.ast.ASTQueryTranslatorFactory
2016-06-27 10:53:42,661 [org.hibernate.hql.ast.ASTQueryTranslatorFactory]-[INFO] Using ASTQueryTranslatorFactory
2016-06-27 10:53:42,662 [org.hibernate.cfg.SettingsFactory]-[INFO] Query language substitutions: {}
2016-06-27 10:53:42,662 [org.hibernate.cfg.SettingsFactory]-[INFO] JPA-QL strict compliance: disabled
2016-06-27 10:53:42,662 [org.hibernate.cfg.SettingsFactory]-[INFO] Second-level cache: enabled
2016-06-27 10:53:42,662 [org.hibernate.cfg.SettingsFactory]-[INFO] Query cache: disabled
2016-06-27 10:53:42,662 [org.hibernate.cfg.SettingsFactory]-[INFO] Cache provider: org.hibernate.cache.NoCacheProvider
2016-06-27 10:53:42,662 [org.hibernate.cfg.SettingsFactory]-[INFO] Optimize cache for minimal puts: disabled
2016-06-27 10:53:42,662 [org.hibernate.cfg.SettingsFactory]-[INFO] Structured second-level cache entries: disabled
2016-06-27 10:53:42,662 [org.hibernate.cfg.SettingsFactory]-[INFO] Echoing all SQL to stdout
2016-06-27 10:53:42,662 [org.hibernate.cfg.SettingsFactory]-[INFO] Statistics: disabled
2016-06-27 10:53:42,662 [org.hibernate.cfg.SettingsFactory]-[INFO] Deleted entity synthetic identifier rollback: disabled
2016-06-27 10:53:42,662 [org.hibernate.cfg.SettingsFactory]-[INFO] Default entity-mode: pojo
2016-06-27 10:53:42,662 [org.hibernate.cfg.SettingsFactory]-[INFO] Named query checking : enabled
2016-06-27 10:53:42,664 [org.hibernate.impl.SessionFactoryImpl]-[INFO] building session factory
2016-06-27 10:53:42,688 [org.hibernate.impl.SessionFactoryObjectFactory]-[INFO] Not binding factory to JNDI, no JNDI name configured
2016-06-27 12:49:46,382 [org.springframework.context.support.ClassPathXmlApplicationContext]-[INFO] Refreshing org.springframework.context.support.ClassPathXmlApplicationContext@33bfc93a: startup date [Mon Jun 27 12:49:46 CST 2016]; root of context hierarchy
2016-06-27 12:49:46,435 [org.springframework.beans.factory.xml.XmlBeanDefinitionReader]-[INFO] Loading XML bean definitions from class path resource [applicationContext.xml]
2016-06-27 12:49:46,665 [org.springframework.beans.factory.support.DefaultListableBeanFactory]-[INFO] Pre-instantiating singletons in org.springframework.beans.factory.support.DefaultListableBeanFactory@f5db314: defining beans [sessionFactory,hibernateTemplate,transactionManager,advice,org.springframework.aop.config.internalAutoProxyCreator,pointcut,org.springframework.aop.support.DefaultBeanFactoryPointcutAdvisor#0,baseDao,basicInfoDao,carAgeDao,carBrandDao,carImagesDao,carInfoDao,carTypeDao,commentDao,distanceDao,emisDao,hardwaerDao,modelDao,personCarDao,personNeedDao,priceIntervalDao,procedureDao,sellDao,systemConfigDao,trendsDao,userInfoDao,basicInfoService,carAgeService,carBrandService,carImagesService,carInfoService,carTypeService,commentService,distanceService,emisService,hardwareService,modelService,personCarService,personNeedService,priceIntervalService,procedureService,sellService,systemConfigService,trendsService,userInfoService,carInfoAction]; root of factory hierarchy
2016-06-27 12:49:46,708 [org.hibernate.cfg.Environment]-[INFO] Hibernate 3.2.4.sp1
2016-06-27 12:49:46,710 [org.hibernate.cfg.Environment]-[INFO] hibernate.properties not found
2016-06-27 12:49:46,711 [org.hibernate.cfg.Environment]-[INFO] Bytecode provider name : cglib
2016-06-27 12:49:46,712 [org.hibernate.cfg.Environment]-[INFO] using JDK 1.4 java.sql.Timestamp handling
2016-06-27 12:49:46,740 [org.hibernate.cfg.Configuration]-[INFO] configuring from url: file:/D:/Workspaces/MyEclipse%2010/S4SSHib/WebRoot/WEB-INF/classes/hibernate.cfg.xml
2016-06-27 12:49:46,771 [org.hibernate.cfg.Configuration]-[INFO] Reading mappings from resource : cn/com/pojo/Basicinfo.hbm.xml
2016-06-27 12:49:46,811 [org.hibernate.cfg.HbmBinder]-[INFO] Mapping class: cn.com.pojo.Basicinfo -> BASICINFO
2016-06-27 12:49:46,818 [org.hibernate.cfg.Configuration]-[INFO] Reading mappings from resource : cn/com/pojo/Carage.hbm.xml
2016-06-27 12:49:46,834 [org.hibernate.cfg.HbmBinder]-[INFO] Mapping class: cn.com.pojo.Carage -> CARAGE
2016-06-27 12:49:46,835 [org.hibernate.cfg.Configuration]-[INFO] Reading mappings from resource : cn/com/pojo/Carbrand.hbm.xml
2016-06-27 12:49:46,846 [org.hibernate.cfg.HbmBinder]-[INFO] Mapping class: cn.com.pojo.Carbrand -> CARBRAND
2016-06-27 12:49:46,846 [org.hibernate.cfg.Configuration]-[INFO] Reading mappings from resource : cn/com/pojo/Carinfo.hbm.xml
2016-06-27 12:49:46,860 [org.hibernate.cfg.HbmBinder]-[INFO] Mapping class: cn.com.pojo.Carinfo -> CARINFO
2016-06-27 12:49:46,861 [org.hibernate.cfg.Configuration]-[INFO] Reading mappings from resource : cn/com/pojo/Cartype.hbm.xml
2016-06-27 12:49:49,449 [org.hibernate.cfg.HbmBinder]-[INFO] Mapping class: cn.com.pojo.Cartype -> CARTYPE
2016-06-27 12:49:49,450 [org.hibernate.cfg.Configuration]-[INFO] Reading mappings from resource : cn/com/pojo/Comment1.hbm.xml
2016-06-27 12:49:51,844 [org.hibernate.cfg.HbmBinder]-[INFO] Mapping class: cn.com.pojo.Comment1 -> COMMENT1
2016-06-27 12:49:51,845 [org.hibernate.cfg.Configuration]-[INFO] Reading mappings from resource : cn/com/pojo/Distance.hbm.xml
2016-06-27 12:49:54,577 [org.hibernate.cfg.HbmBinder]-[INFO] Mapping class: cn.com.pojo.Distance -> DISTANCE
2016-06-27 12:49:54,577 [org.hibernate.cfg.Configuration]-[INFO] Reading mappings from resource : cn/com/pojo/Emissionstandard.hbm.xml
2016-06-27 12:49:58,796 [org.hibernate.cfg.HbmBinder]-[INFO] Mapping class: cn.com.pojo.Emissionstandard -> EMISSIONSTANDARD
2016-06-27 12:49:58,796 [org.hibernate.cfg.Configuration]-[INFO] Reading mappings from resource : cn/com/pojo/Hardwareconfig.hbm.xml
2016-06-27 12:49:58,812 [org.hibernate.cfg.HbmBinder]-[INFO] Mapping class: cn.com.pojo.Hardwareconfig -> HARDWARECONFIG
2016-06-27 12:49:58,814 [org.hibernate.cfg.Configuration]-[INFO] Reading mappings from resource : cn/com/pojo/Imagesinfo.hbm.xml
2016-06-27 12:50:01,520 [org.hibernate.cfg.HbmBinder]-[INFO] Mapping class: cn.com.pojo.Imagesinfo -> IMAGESINFO
2016-06-27 12:50:01,521 [org.hibernate.cfg.Configuration]-[INFO] Reading mappings from resource : cn/com/pojo/Model.hbm.xml
2016-06-27 12:50:01,532 [org.hibernate.cfg.HbmBinder]-[INFO] Mapping class: cn.com.pojo.Model -> MODEL
2016-06-27 12:50:01,532 [org.hibernate.cfg.Configuration]-[INFO] Reading mappings from resource : cn/com/pojo/Personcar.hbm.xml
2016-06-27 12:50:01,538 [org.hibernate.cfg.HbmBinder]-[INFO] Mapping class: cn.com.pojo.Personcar -> PERSONCAR
2016-06-27 12:50:01,539 [org.hibernate.cfg.Configuration]-[INFO] Reading mappings from resource : cn/com/pojo/Personneed.hbm.xml
2016-06-27 12:50:06,514 [org.hibernate.cfg.HbmBinder]-[INFO] Mapping class: cn.com.pojo.Personneed -> PERSONNEED
2016-06-27 12:50:06,515 [org.hibernate.cfg.Configuration]-[INFO] Reading mappings from resource : cn/com/pojo/Priceinterval.hbm.xml
2016-06-27 12:50:08,187 [org.hibernate.cfg.HbmBinder]-[INFO] Mapping class: cn.com.pojo.Priceinterval -> PRICEINTERVAL
2016-06-27 12:50:08,187 [org.hibernate.cfg.Configuration]-[INFO] Reading mappings from resource : cn/com/pojo/Procedureinfo.hbm.xml
2016-06-27 12:50:08,199 [org.hibernate.cfg.HbmBinder]-[INFO] Mapping class: cn.com.pojo.Procedureinfo -> PROCEDUREINFO
2016-06-27 12:50:08,200 [org.hibernate.cfg.Configuration]-[INFO] Reading mappings from resource : cn/com/pojo/Sellinfo.hbm.xml
2016-06-27 12:50:08,210 [org.hibernate.cfg.HbmBinder]-[INFO] Mapping class: cn.com.pojo.Sellinfo -> SELLINFO
2016-06-27 12:50:08,211 [org.hibernate.cfg.Configuration]-[INFO] Reading mappings from resource : cn/com/pojo/Systemconfig.hbm.xml
2016-06-27 12:50:13,236 [org.hibernate.cfg.HbmBinder]-[INFO] Mapping class: cn.com.pojo.Systemconfig -> SYSTEMCONFIG
2016-06-27 12:50:13,238 [org.hibernate.cfg.Configuration]-[INFO] Reading mappings from resource : cn/com/pojo/Trends.hbm.xml
2016-06-27 12:50:13,247 [org.hibernate.cfg.HbmBinder]-[INFO] Mapping class: cn.com.pojo.Trends -> TRENDS
2016-06-27 12:50:13,248 [org.hibernate.cfg.Configuration]-[INFO] Reading mappings from resource : cn/com/pojo/Userinfo3.hbm.xml
2016-06-27 12:50:13,258 [org.hibernate.cfg.HbmBinder]-[INFO] Mapping class: cn.com.pojo.Userinfo3 -> USERINFO3
2016-06-27 12:50:13,258 [org.hibernate.cfg.Configuration]-[INFO] Configured SessionFactory: null
2016-06-27 12:50:13,259 [org.springframework.orm.hibernate3.LocalSessionFactoryBean]-[INFO] Building new Hibernate SessionFactory
2016-06-27 12:50:13,289 [org.hibernate.connection.DriverManagerConnectionProvider]-[INFO] Using Hibernate built-in connection pool (not for production use!)
2016-06-27 12:50:13,289 [org.hibernate.connection.DriverManagerConnectionProvider]-[INFO] Hibernate connection pool size: 20
2016-06-27 12:50:13,289 [org.hibernate.connection.DriverManagerConnectionProvider]-[INFO] autocommit mode: false
2016-06-27 12:50:13,294 [org.hibernate.connection.DriverManagerConnectionProvider]-[INFO] using driver: oracle.jdbc.driver.OracleDriver at URL: jdbc:oracle:thin:@127.0.0.1:1521:orcl
2016-06-27 12:50:13,295 [org.hibernate.connection.DriverManagerConnectionProvider]-[INFO] connection properties: {user=lejia, password=****}
2016-06-27 12:50:13,376 [org.hibernate.cfg.SettingsFactory]-[INFO] RDBMS: Oracle, version: Oracle Database 11g Release 11.1.0.0.0 - Production
2016-06-27 12:50:13,376 [org.hibernate.cfg.SettingsFactory]-[INFO] JDBC driver: Oracle JDBC driver, version: 10.2.0.1.0
2016-06-27 12:50:13,398 [org.hibernate.dialect.Dialect]-[INFO] Using dialect: org.hibernate.dialect.OracleDialect
2016-06-27 12:50:13,401 [org.hibernate.transaction.TransactionFactoryFactory]-[INFO] Transaction strategy: org.springframework.orm.hibernate3.SpringTransactionFactory
2016-06-27 12:50:13,402 [org.hibernate.transaction.TransactionManagerLookupFactory]-[INFO] No TransactionManagerLookup configured (in JTA environment, use of read-write or transactional second-level cache is not recommended)
2016-06-27 12:50:13,402 [org.hibernate.cfg.SettingsFactory]-[INFO] Automatic flush during beforeCompletion(): disabled
2016-06-27 12:50:13,402 [org.hibernate.cfg.SettingsFactory]-[INFO] Automatic session close at end of transaction: disabled
2016-06-27 12:50:13,402 [org.hibernate.cfg.SettingsFactory]-[INFO] JDBC batch size: 15
2016-06-27 12:50:13,402 [org.hibernate.cfg.SettingsFactory]-[INFO] JDBC batch updates for versioned data: disabled
2016-06-27 12:50:13,403 [org.hibernate.cfg.SettingsFactory]-[INFO] Scrollable result sets: enabled
2016-06-27 12:50:13,403 [org.hibernate.cfg.SettingsFactory]-[INFO] JDBC3 getGeneratedKeys(): disabled
2016-06-27 12:50:13,403 [org.hibernate.cfg.SettingsFactory]-[INFO] Connection release mode: auto
2016-06-27 12:50:13,403 [org.hibernate.cfg.SettingsFactory]-[INFO] Default batch fetch size: 1
2016-06-27 12:50:13,403 [org.hibernate.cfg.SettingsFactory]-[INFO] Generate SQL with comments: disabled
2016-06-27 12:50:13,403 [org.hibernate.cfg.SettingsFactory]-[INFO] Order SQL updates by primary key: disabled
2016-06-27 12:50:13,403 [org.hibernate.cfg.SettingsFactory]-[INFO] Order SQL inserts for batching: disabled
2016-06-27 12:50:13,404 [org.hibernate.cfg.SettingsFactory]-[INFO] Query translator: org.hibernate.hql.ast.ASTQueryTranslatorFactory
2016-06-27 12:50:13,405 [org.hibernate.hql.ast.ASTQueryTranslatorFactory]-[INFO] Using ASTQueryTranslatorFactory
2016-06-27 12:50:13,405 [org.hibernate.cfg.SettingsFactory]-[INFO] Query language substitutions: {}
2016-06-27 12:50:13,405 [org.hibernate.cfg.SettingsFactory]-[INFO] JPA-QL strict compliance: disabled
2016-06-27 12:50:13,405 [org.hibernate.cfg.SettingsFactory]-[INFO] Second-level cache: enabled
2016-06-27 12:50:13,405 [org.hibernate.cfg.SettingsFactory]-[INFO] Query cache: disabled
2016-06-27 12:50:13,405 [org.hibernate.cfg.SettingsFactory]-[INFO] Cache provider: org.hibernate.cache.NoCacheProvider
2016-06-27 12:50:13,406 [org.hibernate.cfg.SettingsFactory]-[INFO] Optimize cache for minimal puts: disabled
2016-06-27 12:50:13,406 [org.hibernate.cfg.SettingsFactory]-[INFO] Structured second-level cache entries: disabled
2016-06-27 12:50:13,408 [org.hibernate.cfg.SettingsFactory]-[INFO] Echoing all SQL to stdout
2016-06-27 12:50:13,408 [org.hibernate.cfg.SettingsFactory]-[INFO] Statistics: disabled
2016-06-27 12:50:13,408 [org.hibernate.cfg.SettingsFactory]-[INFO] Deleted entity synthetic identifier rollback: disabled
2016-06-27 12:50:13,408 [org.hibernate.cfg.SettingsFactory]-[INFO] Default entity-mode: pojo
2016-06-27 12:50:13,408 [org.hibernate.cfg.SettingsFactory]-[INFO] Named query checking : enabled
2016-06-27 12:50:13,416 [org.hibernate.impl.SessionFactoryImpl]-[INFO] building session factory
2016-06-27 12:50:13,644 [org.hibernate.impl.SessionFactoryObjectFactory]-[INFO] Not binding factory to JNDI, no JNDI name configured
2016-06-27 12:50:13,955 [org.hibernate.cfg.Configuration]-[INFO] configuring from resource: /hibernate.cfg.xml
2016-06-27 12:50:13,955 [org.hibernate.cfg.Configuration]-[INFO] Configuration resource: /hibernate.cfg.xml
2016-06-27 12:50:13,958 [org.hibernate.cfg.Configuration]-[INFO] Reading mappings from resource : cn/com/pojo/Basicinfo.hbm.xml
2016-06-27 12:50:13,963 [org.hibernate.cfg.HbmBinder]-[INFO] Mapping class: cn.com.pojo.Basicinfo -> BASICINFO
2016-06-27 12:50:13,964 [org.hibernate.cfg.Configuration]-[INFO] Reading mappings from resource : cn/com/pojo/Carage.hbm.xml
2016-06-27 12:50:13,969 [org.hibernate.cfg.HbmBinder]-[INFO] Mapping class: cn.com.pojo.Carage -> CARAGE
2016-06-27 12:50:13,969 [org.hibernate.cfg.Configuration]-[INFO] Reading mappings from resource : cn/com/pojo/Carbrand.hbm.xml
2016-06-27 12:50:13,974 [org.hibernate.cfg.HbmBinder]-[INFO] Mapping class: cn.com.pojo.Carbrand -> CARBRAND
2016-06-27 12:50:13,974 [org.hibernate.cfg.Configuration]-[INFO] Reading mappings from resource : cn/com/pojo/Carinfo.hbm.xml
2016-06-27 12:50:13,980 [org.hibernate.cfg.HbmBinder]-[INFO] Mapping class: cn.com.pojo.Carinfo -> CARINFO
2016-06-27 12:50:13,981 [org.hibernate.cfg.Configuration]-[INFO] Reading mappings from resource : cn/com/pojo/Cartype.hbm.xml
2016-06-27 12:50:16,006 [org.hibernate.cfg.HbmBinder]-[INFO] Mapping class: cn.com.pojo.Cartype -> CARTYPE
2016-06-27 12:50:16,006 [org.hibernate.cfg.Configuration]-[INFO] Reading mappings from resource : cn/com/pojo/Comment1.hbm.xml
2016-06-27 12:50:21,435 [org.hibernate.cfg.HbmBinder]-[INFO] Mapping class: cn.com.pojo.Comment1 -> COMMENT1
2016-06-27 12:50:21,435 [org.hibernate.cfg.Configuration]-[INFO] Reading mappings from resource : cn/com/pojo/Distance.hbm.xml
2016-06-27 12:50:24,146 [org.hibernate.cfg.HbmBinder]-[INFO] Mapping class: cn.com.pojo.Distance -> DISTANCE
2016-06-27 12:50:24,146 [org.hibernate.cfg.Configuration]-[INFO] Reading mappings from resource : cn/com/pojo/Emissionstandard.hbm.xml
2016-06-27 12:50:27,460 [org.hibernate.cfg.HbmBinder]-[INFO] Mapping class: cn.com.pojo.Emissionstandard -> EMISSIONSTANDARD
2016-06-27 12:50:27,461 [org.hibernate.cfg.Configuration]-[INFO] Reading mappings from resource : cn/com/pojo/Hardwareconfig.hbm.xml
2016-06-27 12:50:27,468 [org.hibernate.cfg.HbmBinder]-[INFO] Mapping class: cn.com.pojo.Hardwareconfig -> HARDWARECONFIG
2016-06-27 12:50:27,469 [org.hibernate.cfg.Configuration]-[INFO] Reading mappings from resource : cn/com/pojo/Imagesinfo.hbm.xml
2016-06-27 12:50:33,479 [org.hibernate.cfg.HbmBinder]-[INFO] Mapping class: cn.com.pojo.Imagesinfo -> IMAGESINFO
2016-06-27 12:50:33,480 [org.hibernate.cfg.Configuration]-[INFO] Reading mappings from resource : cn/com/pojo/Model.hbm.xml
2016-06-27 12:50:33,486 [org.hibernate.cfg.HbmBinder]-[INFO] Mapping class: cn.com.pojo.Model -> MODEL
2016-06-27 12:50:33,486 [org.hibernate.cfg.Configuration]-[INFO] Reading mappings from resource : cn/com/pojo/Personcar.hbm.xml
2016-06-27 12:50:33,492 [org.hibernate.cfg.HbmBinder]-[INFO] Mapping class: cn.com.pojo.Personcar -> PERSONCAR
2016-06-27 12:50:33,492 [org.hibernate.cfg.Configuration]-[INFO] Reading mappings from resource : cn/com/pojo/Personneed.hbm.xml
2016-06-27 12:50:36,216 [org.hibernate.cfg.HbmBinder]-[INFO] Mapping class: cn.com.pojo.Personneed -> PERSONNEED
2016-06-27 12:50:36,216 [org.hibernate.cfg.Configuration]-[INFO] Reading mappings from resource : cn/com/pojo/Priceinterval.hbm.xml
2016-06-27 12:50:38,570 [org.hibernate.cfg.HbmBinder]-[INFO] Mapping class: cn.com.pojo.Priceinterval -> PRICEINTERVAL
2016-06-27 12:50:38,570 [org.hibernate.cfg.Configuration]-[INFO] Reading mappings from resource : cn/com/pojo/Procedureinfo.hbm.xml
2016-06-27 12:50:38,577 [org.hibernate.cfg.HbmBinder]-[INFO] Mapping class: cn.com.pojo.Procedureinfo -> PROCEDUREINFO
2016-06-27 12:50:38,577 [org.hibernate.cfg.Configuration]-[INFO] Reading mappings from resource : cn/com/pojo/Sellinfo.hbm.xml
2016-06-27 12:50:38,583 [org.hibernate.cfg.HbmBinder]-[INFO] Mapping class: cn.com.pojo.Sellinfo -> SELLINFO
2016-06-27 12:50:38,583 [org.hibernate.cfg.Configuration]-[INFO] Reading mappings from resource : cn/com/pojo/Systemconfig.hbm.xml
2016-06-27 12:50:43,998 [org.hibernate.cfg.HbmBinder]-[INFO] Mapping class: cn.com.pojo.Systemconfig -> SYSTEMCONFIG
2016-06-27 12:50:43,999 [org.hibernate.cfg.Configuration]-[INFO] Reading mappings from resource : cn/com/pojo/Trends.hbm.xml
2016-06-27 12:50:44,006 [org.hibernate.cfg.HbmBinder]-[INFO] Mapping class: cn.com.pojo.Trends -> TRENDS
2016-06-27 12:50:44,006 [org.hibernate.cfg.Configuration]-[INFO] Reading mappings from resource : cn/com/pojo/Userinfo3.hbm.xml
2016-06-27 12:50:44,013 [org.hibernate.cfg.HbmBinder]-[INFO] Mapping class: cn.com.pojo.Userinfo3 -> USERINFO3
2016-06-27 12:50:44,013 [org.hibernate.cfg.Configuration]-[INFO] Configured SessionFactory: null
2016-06-27 12:50:44,014 [org.hibernate.connection.DriverManagerConnectionProvider]-[INFO] Using Hibernate built-in connection pool (not for production use!)
2016-06-27 12:50:44,014 [org.hibernate.connection.DriverManagerConnectionProvider]-[INFO] Hibernate connection pool size: 20
2016-06-27 12:50:44,014 [org.hibernate.connection.DriverManagerConnectionProvider]-[INFO] autocommit mode: false
2016-06-27 12:50:44,014 [org.hibernate.connection.DriverManagerConnectionProvider]-[INFO] using driver: oracle.jdbc.driver.OracleDriver at URL: jdbc:oracle:thin:@127.0.0.1:1521:orcl
2016-06-27 12:50:44,014 [org.hibernate.connection.DriverManagerConnectionProvider]-[INFO] connection properties: {user=lejia, password=****}
2016-06-27 12:50:44,029 [org.hibernate.cfg.SettingsFactory]-[INFO] RDBMS: Oracle, version: Oracle Database 11g Release 11.1.0.0.0 - Production
2016-06-27 12:50:44,029 [org.hibernate.cfg.SettingsFactory]-[INFO] JDBC driver: Oracle JDBC driver, version: 10.2.0.1.0
2016-06-27 12:50:44,029 [org.hibernate.dialect.Dialect]-[INFO] Using dialect: org.hibernate.dialect.OracleDialect
2016-06-27 12:50:44,029 [org.hibernate.transaction.TransactionFactoryFactory]-[INFO] Using default transaction strategy (direct JDBC transactions)
2016-06-27 12:50:44,030 [org.hibernate.transaction.TransactionManagerLookupFactory]-[INFO] No TransactionManagerLookup configured (in JTA environment, use of read-write or transactional second-level cache is not recommended)
2016-06-27 12:50:44,030 [org.hibernate.cfg.SettingsFactory]-[INFO] Automatic flush during beforeCompletion(): disabled
2016-06-27 12:50:44,030 [org.hibernate.cfg.SettingsFactory]-[INFO] Automatic session close at end of transaction: disabled
2016-06-27 12:50:44,030 [org.hibernate.cfg.SettingsFactory]-[INFO] JDBC batch size: 15
2016-06-27 12:50:44,030 [org.hibernate.cfg.SettingsFactory]-[INFO] JDBC batch updates for versioned data: disabled
2016-06-27 12:50:44,030 [org.hibernate.cfg.SettingsFactory]-[INFO] Scrollable result sets: enabled
2016-06-27 12:50:44,030 [org.hibernate.cfg.SettingsFactory]-[INFO] JDBC3 getGeneratedKeys(): disabled
2016-06-27 12:50:44,031 [org.hibernate.cfg.SettingsFactory]-[INFO] Connection release mode: auto
2016-06-27 12:50:44,031 [org.hibernate.cfg.SettingsFactory]-[INFO] Default batch fetch size: 1
2016-06-27 12:50:44,031 [org.hibernate.cfg.SettingsFactory]-[INFO] Generate SQL with comments: disabled
2016-06-27 12:50:44,031 [org.hibernate.cfg.SettingsFactory]-[INFO] Order SQL updates by primary key: disabled
2016-06-27 12:50:44,031 [org.hibernate.cfg.SettingsFactory]-[INFO] Order SQL inserts for batching: disabled
2016-06-27 12:50:44,031 [org.hibernate.cfg.SettingsFactory]-[INFO] Query translator: org.hibernate.hql.ast.ASTQueryTranslatorFactory
2016-06-27 12:50:44,031 [org.hibernate.hql.ast.ASTQueryTranslatorFactory]-[INFO] Using ASTQueryTranslatorFactory
2016-06-27 12:50:44,031 [org.hibernate.cfg.SettingsFactory]-[INFO] Query language substitutions: {}
2016-06-27 12:50:44,031 [org.hibernate.cfg.SettingsFactory]-[INFO] JPA-QL strict compliance: disabled
2016-06-27 12:50:44,031 [org.hibernate.cfg.SettingsFactory]-[INFO] Second-level cache: enabled
2016-06-27 12:50:44,031 [org.hibernate.cfg.SettingsFactory]-[INFO] Query cache: disabled
2016-06-27 12:50:44,031 [org.hibernate.cfg.SettingsFactory]-[INFO] Cache provider: org.hibernate.cache.NoCacheProvider
2016-06-27 12:50:44,031 [org.hibernate.cfg.SettingsFactory]-[INFO] Optimize cache for minimal puts: disabled
2016-06-27 12:50:44,031 [org.hibernate.cfg.SettingsFactory]-[INFO] Structured second-level cache entries: disabled
2016-06-27 12:50:44,032 [org.hibernate.cfg.SettingsFactory]-[INFO] Echoing all SQL to stdout
2016-06-27 12:50:44,032 [org.hibernate.cfg.SettingsFactory]-[INFO] Statistics: disabled
2016-06-27 12:50:44,032 [org.hibernate.cfg.SettingsFactory]-[INFO] Deleted entity synthetic identifier rollback: disabled
2016-06-27 12:50:44,032 [org.hibernate.cfg.SettingsFactory]-[INFO] Default entity-mode: pojo
2016-06-27 12:50:44,032 [org.hibernate.cfg.SettingsFactory]-[INFO] Named query checking : enabled
2016-06-27 12:50:44,033 [org.hibernate.impl.SessionFactoryImpl]-[INFO] building session factory
2016-06-27 12:50:44,069 [org.hibernate.impl.SessionFactoryObjectFactory]-[INFO] Not binding factory to JNDI, no JNDI name configured
2016-06-27 12:57:02,990 [org.springframework.context.support.ClassPathXmlApplicationContext]-[INFO] Refreshing org.springframework.context.support.ClassPathXmlApplicationContext@74341960: startup date [Mon Jun 27 12:57:02 CST 2016]; root of context hierarchy
2016-06-27 12:57:03,049 [org.springframework.beans.factory.xml.XmlBeanDefinitionReader]-[INFO] Loading XML bean definitions from class path resource [applicationContext.xml]
2016-06-27 12:57:03,301 [org.springframework.beans.factory.support.DefaultListableBeanFactory]-[INFO] Pre-instantiating singletons in org.springframework.beans.factory.support.DefaultListableBeanFactory@5097eded: defining beans [sessionFactory,hibernateTemplate,transactionManager,advice,org.springframework.aop.config.internalAutoProxyCreator,pointcut,org.springframework.aop.support.DefaultBeanFactoryPointcutAdvisor#0,baseDao,basicInfoDao,carAgeDao,carBrandDao,carImagesDao,carInfoDao,carTypeDao,commentDao,distanceDao,emisDao,hardwaerDao,modelDao,personCarDao,personNeedDao,priceIntervalDao,procedureDao,sellDao,systemConfigDao,trendsDao,userInfoDao,basicInfoService,carAgeService,carBrandService,carImagesService,carInfoService,carTypeService,commentService,distanceService,emisService,hardwareService,modelService,personCarService,personNeedService,priceIntervalService,procedureService,sellService,systemConfigService,trendsService,userInfoService,carInfoAction]; root of factory hierarchy
2016-06-27 12:57:03,348 [org.hibernate.cfg.Environment]-[INFO] Hibernate 3.2.4.sp1
2016-06-27 12:57:03,349 [org.hibernate.cfg.Environment]-[INFO] hibernate.properties not found
2016-06-27 12:57:03,350 [org.hibernate.cfg.Environment]-[INFO] Bytecode provider name : cglib
2016-06-27 12:57:03,352 [org.hibernate.cfg.Environment]-[INFO] using JDK 1.4 java.sql.Timestamp handling
2016-06-27 12:57:03,383 [org.hibernate.cfg.Configuration]-[INFO] configuring from url: file:/D:/Workspaces/MyEclipse%2010/S4SSHib/WebRoot/WEB-INF/classes/hibernate.cfg.xml
2016-06-27 12:57:03,420 [org.hibernate.cfg.Configuration]-[INFO] Reading mappings from resource : cn/com/pojo/Basicinfo.hbm.xml
2016-06-27 12:57:03,464 [org.hibernate.cfg.HbmBinder]-[INFO] Mapping class: cn.com.pojo.Basicinfo -> BASICINFO
2016-06-27 12:57:03,471 [org.hibernate.cfg.Configuration]-[INFO] Reading mappings from resource : cn/com/pojo/Carage.hbm.xml
2016-06-27 12:57:03,487 [org.hibernate.cfg.HbmBinder]-[INFO] Mapping class: cn.com.pojo.Carage -> CARAGE
2016-06-27 12:57:03,488 [org.hibernate.cfg.Configuration]-[INFO] Reading mappings from resource : cn/com/pojo/Carbrand.hbm.xml
2016-06-27 12:57:03,499 [org.hibernate.cfg.HbmBinder]-[INFO] Mapping class: cn.com.pojo.Carbrand -> CARBRAND
2016-06-27 12:57:03,499 [org.hibernate.cfg.Configuration]-[INFO] Reading mappings from resource : cn/com/pojo/Carinfo.hbm.xml
2016-06-27 12:57:03,515 [org.hibernate.cfg.HbmBinder]-[INFO] Mapping class: cn.com.pojo.Carinfo -> CARINFO
2016-06-27 12:57:03,516 [org.hibernate.cfg.Configuration]-[INFO] Reading mappings from resource : cn/com/pojo/Cartype.hbm.xml
2016-06-27 12:57:11,985 [org.hibernate.cfg.HbmBinder]-[INFO] Mapping class: cn.com.pojo.Cartype -> CARTYPE
2016-06-27 12:57:11,986 [org.hibernate.cfg.Configuration]-[INFO] Reading mappings from resource : cn/com/pojo/Comment1.hbm.xml
2016-06-27 12:57:13,603 [org.hibernate.cfg.HbmBinder]-[INFO] Mapping class: cn.com.pojo.Comment1 -> COMMENT1
2016-06-27 12:57:13,604 [org.hibernate.cfg.Configuration]-[INFO] Reading mappings from resource : cn/com/pojo/Distance.hbm.xml
2016-06-27 12:57:14,902 [org.hibernate.cfg.HbmBinder]-[INFO] Mapping class: cn.com.pojo.Distance -> DISTANCE
2016-06-27 12:57:14,903 [org.hibernate.cfg.Configuration]-[INFO] Reading mappings from resource : cn/com/pojo/Emissionstandard.hbm.xml
2016-06-27 12:57:16,232 [org.hibernate.cfg.HbmBinder]-[INFO] Mapping class: cn.com.pojo.Emissionstandard -> EMISSIONSTANDARD
2016-06-27 12:57:16,233 [org.hibernate.cfg.Configuration]-[INFO] Reading mappings from resource : cn/com/pojo/Hardwareconfig.hbm.xml
2016-06-27 12:57:16,256 [org.hibernate.cfg.HbmBinder]-[INFO] Mapping class: cn.com.pojo.Hardwareconfig -> HARDWARECONFIG
2016-06-27 12:57:16,258 [org.hibernate.cfg.Configuration]-[INFO] Reading mappings from resource : cn/com/pojo/Imagesinfo.hbm.xml
2016-06-27 12:57:17,602 [org.hibernate.cfg.HbmBinder]-[INFO] Mapping class: cn.com.pojo.Imagesinfo -> IMAGESINFO
2016-06-27 12:57:17,602 [org.hibernate.cfg.Configuration]-[INFO] Reading mappings from resource : cn/com/pojo/Model.hbm.xml
2016-06-27 12:57:17,610 [org.hibernate.cfg.HbmBinder]-[INFO] Mapping class: cn.com.pojo.Model -> MODEL
2016-06-27 12:57:17,611 [org.hibernate.cfg.Configuration]-[INFO] Reading mappings from resource : cn/com/pojo/Personcar.hbm.xml
2016-06-27 12:57:17,616 [org.hibernate.cfg.HbmBinder]-[INFO] Mapping class: cn.com.pojo.Personcar -> PERSONCAR
2016-06-27 12:57:17,617 [org.hibernate.cfg.Configuration]-[INFO] Reading mappings from resource : cn/com/pojo/Personneed.hbm.xml
2016-06-27 12:57:19,877 [org.hibernate.cfg.HbmBinder]-[INFO] Mapping class: cn.com.pojo.Personneed -> PERSONNEED
2016-06-27 12:57:19,878 [org.hibernate.cfg.Configuration]-[INFO] Reading mappings from resource : cn/com/pojo/Priceinterval.hbm.xml
2016-06-27 12:57:21,220 [org.hibernate.cfg.HbmBinder]-[INFO] Mapping class: cn.com.pojo.Priceinterval -> PRICEINTERVAL
2016-06-27 12:57:21,221 [org.hibernate.cfg.Configuration]-[INFO] Reading mappings from resource : cn/com/pojo/Procedureinfo.hbm.xml
2016-06-27 12:57:21,232 [org.hibernate.cfg.HbmBinder]-[INFO] Mapping class: cn.com.pojo.Procedureinfo -> PROCEDUREINFO
2016-06-27 12:57:21,233 [org.hibernate.cfg.Configuration]-[INFO] Reading mappings from resource : cn/com/pojo/Sellinfo.hbm.xml
2016-06-27 12:57:21,242 [org.hibernate.cfg.HbmBinder]-[INFO] Mapping class: cn.com.pojo.Sellinfo -> SELLINFO
2016-06-27 12:57:21,243 [org.hibernate.cfg.Configuration]-[INFO] Reading mappings from resource : cn/com/pojo/Systemconfig.hbm.xml
2016-06-27 12:57:22,579 [org.hibernate.cfg.HbmBinder]-[INFO] Mapping class: cn.com.pojo.Systemconfig -> SYSTEMCONFIG
2016-06-27 12:57:22,580 [org.hibernate.cfg.Configuration]-[INFO] Reading mappings from resource : cn/com/pojo/Trends.hbm.xml
2016-06-27 12:57:22,590 [org.hibernate.cfg.HbmBinder]-[INFO] Mapping class: cn.com.pojo.Trends -> TRENDS
2016-06-27 12:57:22,591 [org.hibernate.cfg.Configuration]-[INFO] Reading mappings from resource : cn/com/pojo/Userinfo3.hbm.xml
2016-06-27 12:57:22,597 [org.hibernate.cfg.HbmBinder]-[INFO] Mapping class: cn.com.pojo.Userinfo3 -> USERINFO3
2016-06-27 12:57:22,597 [org.hibernate.cfg.Configuration]-[INFO] Configured SessionFactory: null
2016-06-27 12:57:22,597 [org.springframework.orm.hibernate3.LocalSessionFactoryBean]-[INFO] Building new Hibernate SessionFactory
2016-06-27 12:57:22,626 [org.hibernate.connection.DriverManagerConnectionProvider]-[INFO] Using Hibernate built-in connection pool (not for production use!)
2016-06-27 12:57:22,626 [org.hibernate.connection.DriverManagerConnectionProvider]-[INFO] Hibernate connection pool size: 20
2016-06-27 12:57:22,626 [org.hibernate.connection.DriverManagerConnectionProvider]-[INFO] autocommit mode: false
2016-06-27 12:57:22,632 [org.hibernate.connection.DriverManagerConnectionProvider]-[INFO] using driver: oracle.jdbc.driver.OracleDriver at URL: jdbc:oracle:thin:@127.0.0.1:1521:orcl
2016-06-27 12:57:22,632 [org.hibernate.connection.DriverManagerConnectionProvider]-[INFO] connection properties: {user=lejia, password=****}
2016-06-27 12:57:22,728 [org.hibernate.cfg.SettingsFactory]-[INFO] RDBMS: Oracle, version: Oracle Database 11g Release 11.1.0.0.0 - Production
2016-06-27 12:57:22,728 [org.hibernate.cfg.SettingsFactory]-[INFO] JDBC driver: Oracle JDBC driver, version: 10.2.0.1.0
2016-06-27 12:57:22,739 [org.hibernate.dialect.Dialect]-[INFO] Using dialect: org.hibernate.dialect.OracleDialect
2016-06-27 12:57:22,741 [org.hibernate.transaction.TransactionFactoryFactory]-[INFO] Transaction strategy: org.springframework.orm.hibernate3.SpringTransactionFactory
2016-06-27 12:57:22,742 [org.hibernate.transaction.TransactionManagerLookupFactory]-[INFO] No TransactionManagerLookup configured (in JTA environment, use of read-write or transactional second-level cache is not recommended)
2016-06-27 12:57:22,742 [org.hibernate.cfg.SettingsFactory]-[INFO] Automatic flush during beforeCompletion(): disabled
2016-06-27 12:57:22,742 [org.hibernate.cfg.SettingsFactory]-[INFO] Automatic session close at end of transaction: disabled
2016-06-27 12:57:22,742 [org.hibernate.cfg.SettingsFactory]-[INFO] JDBC batch size: 15
2016-06-27 12:57:22,742 [org.hibernate.cfg.SettingsFactory]-[INFO] JDBC batch updates for versioned data: disabled
2016-06-27 12:57:22,742 [org.hibernate.cfg.SettingsFactory]-[INFO] Scrollable result sets: enabled
2016-06-27 12:57:22,742 [org.hibernate.cfg.SettingsFactory]-[INFO] JDBC3 getGeneratedKeys(): disabled
2016-06-27 12:57:22,742 [org.hibernate.cfg.SettingsFactory]-[INFO] Connection release mode: auto
2016-06-27 12:57:22,743 [org.hibernate.cfg.SettingsFactory]-[INFO] Default batch fetch size: 1
2016-06-27 12:57:22,743 [org.hibernate.cfg.SettingsFactory]-[INFO] Generate SQL with comments: disabled
2016-06-27 12:57:22,743 [org.hibernate.cfg.SettingsFactory]-[INFO] Order SQL updates by primary key: disabled
2016-06-27 12:57:22,743 [org.hibernate.cfg.SettingsFactory]-[INFO] Order SQL inserts for batching: disabled
2016-06-27 12:57:22,743 [org.hibernate.cfg.SettingsFactory]-[INFO] Query translator: org.hibernate.hql.ast.ASTQueryTranslatorFactory
2016-06-27 12:57:22,744 [org.hibernate.hql.ast.ASTQueryTranslatorFactory]-[INFO] Using ASTQueryTranslatorFactory
2016-06-27 12:57:22,744 [org.hibernate.cfg.SettingsFactory]-[INFO] Query language substitutions: {}
2016-06-27 12:57:22,744 [org.hibernate.cfg.SettingsFactory]-[INFO] JPA-QL strict compliance: disabled
2016-06-27 12:57:22,744 [org.hibernate.cfg.SettingsFactory]-[INFO] Second-level cache: enabled
2016-06-27 12:57:22,744 [org.hibernate.cfg.SettingsFactory]-[INFO] Query cache: disabled
2016-06-27 12:57:22,744 [org.hibernate.cfg.SettingsFactory]-[INFO] Cache provider: org.hibernate.cache.NoCacheProvider
2016-06-27 12:57:22,745 [org.hibernate.cfg.SettingsFactory]-[INFO] Optimize cache for minimal puts: disabled
2016-06-27 12:57:22,745 [org.hibernate.cfg.SettingsFactory]-[INFO] Structured second-level cache entries: disabled
2016-06-27 12:57:22,747 [org.hibernate.cfg.SettingsFactory]-[INFO] Echoing all SQL to stdout
2016-06-27 12:57:22,747 [org.hibernate.cfg.SettingsFactory]-[INFO] Statistics: disabled
2016-06-27 12:57:22,747 [org.hibernate.cfg.SettingsFactory]-[INFO] Deleted entity synthetic identifier rollback: disabled
2016-06-27 12:57:22,747 [org.hibernate.cfg.SettingsFactory]-[INFO] Default entity-mode: pojo
2016-06-27 12:57:22,747 [org.hibernate.cfg.SettingsFactory]-[INFO] Named query checking : enabled
2016-06-27 12:57:22,760 [org.hibernate.impl.SessionFactoryImpl]-[INFO] building session factory
2016-06-27 12:57:22,996 [org.hibernate.impl.SessionFactoryObjectFactory]-[INFO] Not binding factory to JNDI, no JNDI name configured
2016-06-27 12:57:23,318 [org.hibernate.cfg.Configuration]-[INFO] configuring from resource: /hibernate.cfg.xml
2016-06-27 12:57:23,318 [org.hibernate.cfg.Configuration]-[INFO] Configuration resource: /hibernate.cfg.xml
2016-06-27 12:57:23,321 [org.hibernate.cfg.Configuration]-[INFO] Reading mappings from resource : cn/com/pojo/Basicinfo.hbm.xml
2016-06-27 12:57:23,327 [org.hibernate.cfg.HbmBinder]-[INFO] Mapping class: cn.com.pojo.Basicinfo -> BASICINFO
2016-06-27 12:57:23,327 [org.hibernate.cfg.Configuration]-[INFO] Reading mappings from resource : cn/com/pojo/Carage.hbm.xml
2016-06-27 12:57:23,332 [org.hibernate.cfg.HbmBinder]-[INFO] Mapping class: cn.com.pojo.Carage -> CARAGE
2016-06-27 12:57:23,332 [org.hibernate.cfg.Configuration]-[INFO] Reading mappings from resource : cn/com/pojo/Carbrand.hbm.xml
2016-06-27 12:57:23,337 [org.hibernate.cfg.HbmBinder]-[INFO] Mapping class: cn.com.pojo.Carbrand -> CARBRAND
2016-06-27 12:57:23,338 [org.hibernate.cfg.Configuration]-[INFO] Reading mappings from resource : cn/com/pojo/Carinfo.hbm.xml
2016-06-27 12:57:23,345 [org.hibernate.cfg.HbmBinder]-[INFO] Mapping class: cn.com.pojo.Carinfo -> CARINFO
2016-06-27 12:57:23,346 [org.hibernate.cfg.Configuration]-[INFO] Reading mappings from resource : cn/com/pojo/Cartype.hbm.xml
2016-06-27 12:57:24,683 [org.hibernate.cfg.HbmBinder]-[INFO] Mapping class: cn.com.pojo.Cartype -> CARTYPE
2016-06-27 12:57:24,683 [org.hibernate.cfg.Configuration]-[INFO] Reading mappings from resource : cn/com/pojo/Comment1.hbm.xml
2016-06-27 12:57:29,023 [org.hibernate.cfg.HbmBinder]-[INFO] Mapping class: cn.com.pojo.Comment1 -> COMMENT1
2016-06-27 12:57:29,023 [org.hibernate.cfg.Configuration]-[INFO] Reading mappings from resource : cn/com/pojo/Distance.hbm.xml
2016-06-27 12:57:30,711 [org.hibernate.cfg.HbmBinder]-[INFO] Mapping class: cn.com.pojo.Distance -> DISTANCE
2016-06-27 12:57:30,711 [org.hibernate.cfg.Configuration]-[INFO] Reading mappings from resource : cn/com/pojo/Emissionstandard.hbm.xml
2016-06-27 12:57:32,415 [org.hibernate.cfg.HbmBinder]-[INFO] Mapping class: cn.com.pojo.Emissionstandard -> EMISSIONSTANDARD
2016-06-27 12:57:32,415 [org.hibernate.cfg.Configuration]-[INFO] Reading mappings from resource : cn/com/pojo/Hardwareconfig.hbm.xml
2016-06-27 12:57:32,423 [org.hibernate.cfg.HbmBinder]-[INFO] Mapping class: cn.com.pojo.Hardwareconfig -> HARDWARECONFIG
2016-06-27 12:57:32,424 [org.hibernate.cfg.Configuration]-[INFO] Reading mappings from resource : cn/com/pojo/Imagesinfo.hbm.xml
2016-06-27 12:57:34,161 [org.hibernate.cfg.HbmBinder]-[INFO] Mapping class: cn.com.pojo.Imagesinfo -> IMAGESINFO
2016-06-27 12:57:34,162 [org.hibernate.cfg.Configuration]-[INFO] Reading mappings from resource : cn/com/pojo/Model.hbm.xml
2016-06-27 12:57:34,168 [org.hibernate.cfg.HbmBinder]-[INFO] Mapping class: cn.com.pojo.Model -> MODEL
2016-06-27 12:57:34,169 [org.hibernate.cfg.Configuration]-[INFO] Reading mappings from resource : cn/com/pojo/Personcar.hbm.xml
2016-06-27 12:57:34,175 [org.hibernate.cfg.HbmBinder]-[INFO] Mapping class: cn.com.pojo.Personcar -> PERSONCAR
2016-06-27 12:57:34,175 [org.hibernate.cfg.Configuration]-[INFO] Reading mappings from resource : cn/com/pojo/Personneed.hbm.xml
2016-06-27 12:57:35,533 [org.hibernate.cfg.HbmBinder]-[INFO] Mapping class: cn.com.pojo.Personneed -> PERSONNEED
2016-06-27 12:57:35,533 [org.hibernate.cfg.Configuration]-[INFO] Reading mappings from resource : cn/com/pojo/Priceinterval.hbm.xml
2016-06-27 12:57:36,959 [org.hibernate.cfg.HbmBinder]-[INFO] Mapping class: cn.com.pojo.Priceinterval -> PRICEINTERVAL
2016-06-27 12:57:36,960 [org.hibernate.cfg.Configuration]-[INFO] Reading mappings from resource : cn/com/pojo/Procedureinfo.hbm.xml
2016-06-27 12:57:36,967 [org.hibernate.cfg.HbmBinder]-[INFO] Mapping class: cn.com.pojo.Procedureinfo -> PROCEDUREINFO
2016-06-27 12:57:36,967 [org.hibernate.cfg.Configuration]-[INFO] Reading mappings from resource : cn/com/pojo/Sellinfo.hbm.xml
2016-06-27 12:57:36,973 [org.hibernate.cfg.HbmBinder]-[INFO] Mapping class: cn.com.pojo.Sellinfo -> SELLINFO
2016-06-27 12:57:36,973 [org.hibernate.cfg.Configuration]-[INFO] Reading mappings from resource : cn/com/pojo/Systemconfig.hbm.xml
2016-06-27 12:57:38,393 [org.hibernate.cfg.HbmBinder]-[INFO] Mapping class: cn.com.pojo.Systemconfig -> SYSTEMCONFIG
2016-06-27 12:57:38,394 [org.hibernate.cfg.Configuration]-[INFO] Reading mappings from resource : cn/com/pojo/Trends.hbm.xml
2016-06-27 12:57:38,398 [org.hibernate.cfg.HbmBinder]-[INFO] Mapping class: cn.com.pojo.Trends -> TRENDS
2016-06-27 12:57:38,398 [org.hibernate.cfg.Configuration]-[INFO] Reading mappings from resource : cn/com/pojo/Userinfo3.hbm.xml
2016-06-27 12:57:38,402 [org.hibernate.cfg.HbmBinder]-[INFO] Mapping class: cn.com.pojo.Userinfo3 -> USERINFO3
2016-06-27 12:57:38,402 [org.hibernate.cfg.Configuration]-[INFO] Configured SessionFactory: null
2016-06-27 12:57:38,403 [org.hibernate.connection.DriverManagerConnectionProvider]-[INFO] Using Hibernate built-in connection pool (not for production use!)
2016-06-27 12:57:38,404 [org.hibernate.connection.DriverManagerConnectionProvider]-[INFO] Hibernate connection pool size: 20
2016-06-27 12:57:38,404 [org.hibernate.connection.DriverManagerConnectionProvider]-[INFO] autocommit mode: false
2016-06-27 12:57:38,404 [org.hibernate.connection.DriverManagerConnectionProvider]-[INFO] using driver: oracle.jdbc.driver.OracleDriver at URL: jdbc:oracle:thin:@127.0.0.1:1521:orcl
2016-06-27 12:57:38,404 [org.hibernate.connection.DriverManagerConnectionProvider]-[INFO] connection properties: {user=lejia, password=****}
2016-06-27 12:57:38,425 [org.hibernate.cfg.SettingsFactory]-[INFO] RDBMS: Oracle, version: Oracle Database 11g Release 11.1.0.0.0 - Production
2016-06-27 12:57:38,425 [org.hibernate.cfg.SettingsFactory]-[INFO] JDBC driver: Oracle JDBC driver, version: 10.2.0.1.0
2016-06-27 12:57:38,425 [org.hibernate.dialect.Dialect]-[INFO] Using dialect: org.hibernate.dialect.OracleDialect
2016-06-27 12:57:38,425 [org.hibernate.transaction.TransactionFactoryFactory]-[INFO] Using default transaction strategy (direct JDBC transactions)
2016-06-27 12:57:38,426 [org.hibernate.transaction.TransactionManagerLookupFactory]-[INFO] No TransactionManagerLookup configured (in JTA environment, use of read-write or transactional second-level cache is not recommended)
2016-06-27 12:57:38,426 [org.hibernate.cfg.SettingsFactory]-[INFO] Automatic flush during beforeCompletion(): disabled
2016-06-27 12:57:38,426 [org.hibernate.cfg.SettingsFactory]-[INFO] Automatic session close at end of transaction: disabled
2016-06-27 12:57:38,426 [org.hibernate.cfg.SettingsFactory]-[INFO] JDBC batch size: 15
2016-06-27 12:57:38,426 [org.hibernate.cfg.SettingsFactory]-[INFO] JDBC batch updates for versioned data: disabled
2016-06-27 12:57:38,426 [org.hibernate.cfg.SettingsFactory]-[INFO] Scrollable result sets: enabled
2016-06-27 12:57:38,426 [org.hibernate.cfg.SettingsFactory]-[INFO] JDBC3 getGeneratedKeys(): disabled
2016-06-27 12:57:38,426 [org.hibernate.cfg.SettingsFactory]-[INFO] Connection release mode: auto
2016-06-27 12:57:38,426 [org.hibernate.cfg.SettingsFactory]-[INFO] Default batch fetch size: 1
2016-06-27 12:57:38,426 [org.hibernate.cfg.SettingsFactory]-[INFO] Generate SQL with comments: disabled
2016-06-27 12:57:38,426 [org.hibernate.cfg.SettingsFactory]-[INFO] Order SQL updates by primary key: disabled
2016-06-27 12:57:38,426 [org.hibernate.cfg.SettingsFactory]-[INFO] Order SQL inserts for batching: disabled
2016-06-27 12:57:38,426 [org.hibernate.cfg.SettingsFactory]-[INFO] Query translator: org.hibernate.hql.ast.ASTQueryTranslatorFactory
2016-06-27 12:57:38,428 [org.hibernate.hql.ast.ASTQueryTranslatorFactory]-[INFO] Using ASTQueryTranslatorFactory
2016-06-27 12:57:38,428 [org.hibernate.cfg.SettingsFactory]-[INFO] Query language substitutions: {}
2016-06-27 12:57:38,428 [org.hibernate.cfg.SettingsFactory]-[INFO] JPA-QL strict compliance: disabled
2016-06-27 12:57:38,428 [org.hibernate.cfg.SettingsFactory]-[INFO] Second-level cache: enabled
2016-06-27 12:57:38,428 [org.hibernate.cfg.SettingsFactory]-[INFO] Query cache: disabled
2016-06-27 12:57:38,428 [org.hibernate.cfg.SettingsFactory]-[INFO] Cache provider: org.hibernate.cache.NoCacheProvider
2016-06-27 12:57:38,428 [org.hibernate.cfg.SettingsFactory]-[INFO] Optimize cache for minimal puts: disabled
2016-06-27 12:57:38,428 [org.hibernate.cfg.SettingsFactory]-[INFO] Structured second-level cache entries: disabled
2016-06-27 12:57:38,428 [org.hibernate.cfg.SettingsFactory]-[INFO] Echoing all SQL to stdout
2016-06-27 12:57:38,429 [org.hibernate.cfg.SettingsFactory]-[INFO] Statistics: disabled
2016-06-27 12:57:38,429 [org.hibernate.cfg.SettingsFactory]-[INFO] Deleted entity synthetic identifier rollback: disabled
2016-06-27 12:57:38,429 [org.hibernate.cfg.SettingsFactory]-[INFO] Default entity-mode: pojo
2016-06-27 12:57:38,429 [org.hibernate.cfg.SettingsFactory]-[INFO] Named query checking : enabled
2016-06-27 12:57:38,431 [org.hibernate.impl.SessionFactoryImpl]-[INFO] building session factory
2016-06-27 12:57:38,464 [org.hibernate.impl.SessionFactoryObjectFactory]-[INFO] Not binding factory to JNDI, no JNDI name configured
